2018-12-02 6:23:23 - MOD: Modification Default

FILE: system/engine/action.php
REGEX: ~(require|include)(_once)?\(([^)]+)~
LINE: 69

FILE: system/engine/loader.php
REGEX: ~(require|include)(_once)?\(([^)]+)~
LINE: 77
LINE: 151
LINE: 168

FILE: system/library/config.php
REGEX: ~(require|include)(_once)?\(([^)]+)~
LINE: 59

FILE: system/library/language.php
REGEX: ~(require|include)(_once)?\(([^)]+)~
LINE: 67
LINE: 73

FILE: system/library/template/template.php
REGEX: ~(require|include)(_once)?\(([^)]+)~
LINE: 18

FILE: system/library/template/twig.php
CODE: $loader = new \Twig_Loader_Filesystem(DIR_TEMPLATE);
LINE: 19
----------------------------------------------------------------
MOD: Dark Velvet Template by GrandCMS.com

FILE: catalog/view/theme/default/template/common/header.twig
CODE: <link href="catalog/view/theme/default/stylesheet/stylesheet.css" rel="stylesheet">
LINE: 24
CODE: <body>
LINE: 39

FILE: catalog/view/theme/default/template/common/footer.twig
CODE: </body></html>
LINE: 52
----------------------------------------------------------------
MOD: Tema WNWEB

FILE: catalog/view/theme/default/template/product/product.twig
CODE: {% set class = 'col-sm-8' %}
LINE: 20
CODE: {% set class = 'col-sm-4' %}
LINE: 117
CODE: <br />
LINE: 281
CODE: <br>
NOT FOUND - OPERATIONS ABORTED!

FILE: catalog/controller/common/footer.php
CODE: public function index() {
LINE: 9
CODE: </footer>
LINE: 43

FILE: catalog/view/theme/wnweb/template/common/footer.twig
CODE: </footer>
LINE: 43

FILE: catalog/view/theme/default/template/product/special.twig
CODE: <button type="button" onclick="cart.add('{{ product.product_id }}');"><i class="fa fa-shopping-cart"></i> <span class="hidden-xs hidden-sm hidden-md">{{ button_cart }}</span></button>
NOT FOUND - OPERATIONS ABORTED!

FILE: catalog/view/theme/default/template/extension/module/featured.twig
CODE: <button type="button" onclick="cart.add('{{ product.product_id }}');"><i class="fa fa-shopping-cart"></i> <span class="hidden-xs hidden-sm hidden-md">{{ button_cart }}</span></button>
LINE: 34

FILE: catalog/view/theme/wnweb/template/extension/module/featured.twig
CODE: <button type="button" onclick="cart.add('{{ product.product_id }}');"><i class="fa fa-shopping-cart"></i> <span class="hidden-xs hidden-sm hidden-md">{{ button_cart }}</span></button>
LINE: 34

FILE: catalog/view/theme/default/template/extension/module/bestseller.twig
CODE: <button type="button" onclick="cart.add('{{ product.product_id }}');"><i class="fa fa-shopping-cart"></i> <span class="hidden-xs hidden-sm hidden-md">{{ button_cart }}</span></button>
LINE: 34

FILE: catalog/view/theme/wnweb/template/extension/module/bestseller.twig
CODE: <button type="button" onclick="cart.add('{{ product.product_id }}');"><i class="fa fa-shopping-cart"></i> <span class="hidden-xs hidden-sm hidden-md">{{ button_cart }}</span></button>
LINE: 34

FILE: catalog/view/theme/default/template/extension/module/latest.twig
CODE: <button type="button" onclick="cart.add('{{ product.product_id }}');"><i class="fa fa-shopping-cart"></i> <span class="hidden-xs hidden-sm hidden-md">{{ button_cart }}</span></button>
LINE: 20

FILE: catalog/view/theme/wnweb/template/extension/module/latest.twig
CODE: <button type="button" onclick="cart.add('{{ product.product_id }}');"><i class="fa fa-shopping-cart"></i> <span class="hidden-xs hidden-sm hidden-md">{{ button_cart }}</span></button>
LINE: 20

FILE: catalog/view/theme/default/template/extension/module/special.twig
CODE: <button type="button" onclick="cart.add('{{ product.product_id }}');"><i class="fa fa-shopping-cart"></i> <span class="hidden-xs hidden-sm hidden-md">{{ button_cart }}</span></button>
LINE: 20

FILE: catalog/view/theme/wnweb/template/extension/module/special.twig
CODE: <button type="button" onclick="cart.add('{{ product.product_id }}');"><i class="fa fa-shopping-cart"></i> <span class="hidden-xs hidden-sm hidden-md">{{ button_cart }}</span></button>
LINE: 20
CODE: <button type="button" onclick="cart.add('{{ product.product_id }}');"><i class="fa fa-shopping-cart"></i> <span class="hidden-xs hidden-sm hidden-md">{{ button_cart }}</span></button>
NOT FOUND - OPERATIONS ABORTED!

FILE: catalog/view/theme/default/template/product/search.twig
CODE: <button type="button" onclick="cart.add('{{ product.product_id }}');"><i class="fa fa-shopping-cart"></i> <span class="hidden-xs hidden-sm hidden-md">{{ button_cart }}</span></button>
NOT FOUND - OPERATIONS ABORTED!

FILE: catalog/view/theme/default/template/product/category.twig
CODE: <button type="button" onclick="cart.add('{{ product.product_id }}');"><i class="fa fa-shopping-cart"></i> <span class="hidden-xs hidden-sm hidden-md">{{ button_cart }}</span></button>
NOT FOUND - OPERATIONS ABORTED!

FILE: catalog/view/theme/default/template/account/account.twig
CODE: <li><a href="{{ download }}">{{ text_download }}</a></li>
LINE: 37
CODE: <li><a href="{{ reward }}">{{ text_reward }}</a></li>
LINE: 39
CODE: <li><a href="{{ recurring }}">{{ text_recurring }}</a></li>
LINE: 43
CODE: <h2>{{ text_my_affiliate }}</h2>
LINE: 45
CODE: <li><a href="{{ wishlist }}">{{ text_wishlist }}</a></li>
LINE: 24

FILE: catalog/view/theme/wnweb/template/account/account.twig
CODE: <li><a href="{{ download }}">{{ text_download }}</a></li>
NOT FOUND - OPERATIONS ABORTED!

FILE: catalog/view/theme/default/template/extension/module/account.twig
CODE: <a href="{{ address }}" class="list-group-item">{{ text_address }}</a> <a href="{{ wishlist }}" class="list-group-item">{{ text_wishlist }}</a> <a href="{{ order }}" class="list-group-item">{{ text_order }}</a> <a href="{{ download }}" class="list-group-item">{{ text_download }}</a><a href="{{ recurring }}" class="list-group-item">{{ text_recurring }}</a> <a href="{{ reward }}" class="list-group-item">{{ text_reward }}</a> <a href="{{ return }}" class="list-group-item">{{ text_return }}</a> <a href="{{ transaction }}" class="list-group-item">{{ text_transaction }}</a> <a href="{{ newsletter }}" class="list-group-item">{{ text_newsletter }}</a>
LINE: 8

FILE: catalog/view/theme/wnweb/template/extension/module/account.twig
CODE: <a href="{{ address }}" class="list-group-item">{{ text_address }}</a> <a href="{{ wishlist }}" class="list-group-item">{{ text_wishlist }}</a> <a href="{{ order }}" class="list-group-item">{{ text_order }}</a> <a href="{{ download }}" class="list-group-item">{{ text_download }}</a><a href="{{ recurring }}" class="list-group-item">{{ text_recurring }}</a> <a href="{{ reward }}" class="list-group-item">{{ text_reward }}</a> <a href="{{ return }}" class="list-group-item">{{ text_return }}</a> <a href="{{ transaction }}" class="list-group-item">{{ text_transaction }}</a> <a href="{{ newsletter }}" class="list-group-item">{{ text_newsletter }}</a>
LINE: 8
----------------------------------------------------------------
MOD: Tema WNWEB
CODE: {% set class = 'col-sm-8' %}
LINE: 20
CODE: {% set class = 'col-sm-4' %}
LINE: 118
CODE: <br />
NOT FOUND - OPERATIONS ABORTED!
CODE: public function index() {
LINE: 9
CODE: </footer>
LINE: 46
LINE: 49
CODE: </footer>
LINE: 46
LINE: 49
CODE: <button type="button" onclick="cart.add('{{ product.product_id }}');"><i class="fa fa-shopping-cart"></i> <span class="hidden-xs hidden-sm hidden-md">{{ button_cart }}</span></button>
NOT FOUND - OPERATIONS ABORTED!
CODE: <button type="button" onclick="cart.add('{{ product.product_id }}');"><i class="fa fa-shopping-cart"></i> <span class="hidden-xs hidden-sm hidden-md">{{ button_cart }}</span></button>
NOT FOUND - OPERATIONS ABORTED!
CODE: <button type="button" onclick="cart.add('{{ product.product_id }}');"><i class="fa fa-shopping-cart"></i> <span class="hidden-xs hidden-sm hidden-md">{{ button_cart }}</span></button>
NOT FOUND - OPERATIONS ABORTED!
CODE: <button type="button" onclick="cart.add('{{ product.product_id }}');"><i class="fa fa-shopping-cart"></i> <span class="hidden-xs hidden-sm hidden-md">{{ button_cart }}</span></button>
NOT FOUND - OPERATIONS ABORTED!
CODE: <button type="button" onclick="cart.add('{{ product.product_id }}');"><i class="fa fa-shopping-cart"></i> <span class="hidden-xs hidden-sm hidden-md">{{ button_cart }}</span></button>
NOT FOUND - OPERATIONS ABORTED!
CODE: <button type="button" onclick="cart.add('{{ product.product_id }}');"><i class="fa fa-shopping-cart"></i> <span class="hidden-xs hidden-sm hidden-md">{{ button_cart }}</span></button>
NOT FOUND - OPERATIONS ABORTED!
CODE: <button type="button" onclick="cart.add('{{ product.product_id }}');"><i class="fa fa-shopping-cart"></i> <span class="hidden-xs hidden-sm hidden-md">{{ button_cart }}</span></button>
NOT FOUND - OPERATIONS ABORTED!
CODE: <button type="button" onclick="cart.add('{{ product.product_id }}');"><i class="fa fa-shopping-cart"></i> <span class="hidden-xs hidden-sm hidden-md">{{ button_cart }}</span></button>
NOT FOUND - OPERATIONS ABORTED!
CODE: <button type="button" onclick="cart.add('{{ product.product_id }}');"><i class="fa fa-shopping-cart"></i> <span class="hidden-xs hidden-sm hidden-md">{{ button_cart }}</span></button>
NOT FOUND - OPERATIONS ABORTED!
CODE: <button type="button" onclick="cart.add('{{ product.product_id }}');"><i class="fa fa-shopping-cart"></i> <span class="hidden-xs hidden-sm hidden-md">{{ button_cart }}</span></button>
NOT FOUND - OPERATIONS ABORTED!
CODE: <button type="button" onclick="cart.add('{{ product.product_id }}');"><i class="fa fa-shopping-cart"></i> <span class="hidden-xs hidden-sm hidden-md">{{ button_cart }}</span></button>
NOT FOUND - OPERATIONS ABORTED!
CODE: <button type="button" onclick="cart.add('{{ product.product_id }}');"><i class="fa fa-shopping-cart"></i> <span class="hidden-xs hidden-sm hidden-md">{{ button_cart }}</span></button>
NOT FOUND - OPERATIONS ABORTED!
CODE: <li><a href="{{ download }}">{{ text_download }}</a></li>
NOT FOUND - OPERATIONS ABORTED!
CODE: <li><a href="{{ download }}">{{ text_download }}</a></li>
NOT FOUND - OPERATIONS ABORTED!
CODE: <a href="{{ address }}" class="list-group-item">{{ text_address }}</a> <a href="{{ wishlist }}" class="list-group-item">{{ text_wishlist }}</a> <a href="{{ order }}" class="list-group-item">{{ text_order }}</a> <a href="{{ download }}" class="list-group-item">{{ text_download }}</a><a href="{{ recurring }}" class="list-group-item">{{ text_recurring }}</a> <a href="{{ reward }}" class="list-group-item">{{ text_reward }}</a> <a href="{{ return }}" class="list-group-item">{{ text_return }}</a> <a href="{{ transaction }}" class="list-group-item">{{ text_transaction }}</a> <a href="{{ newsletter }}" class="list-group-item">{{ text_newsletter }}</a>
NOT FOUND - OPERATIONS ABORTED!
CODE: <a href="{{ address }}" class="list-group-item">{{ text_address }}</a> <a href="{{ wishlist }}" class="list-group-item">{{ text_wishlist }}</a> <a href="{{ order }}" class="list-group-item">{{ text_order }}</a> <a href="{{ download }}" class="list-group-item">{{ text_download }}</a><a href="{{ recurring }}" class="list-group-item">{{ text_recurring }}</a> <a href="{{ reward }}" class="list-group-item">{{ text_reward }}</a> <a href="{{ return }}" class="list-group-item">{{ text_return }}</a> <a href="{{ transaction }}" class="list-group-item">{{ text_transaction }}</a> <a href="{{ newsletter }}" class="list-group-item">{{ text_newsletter }}</a>
NOT FOUND - OPERATIONS ABORTED!
----------------------------------------------------------------
MOD: 香港繁體中文語言包 OpenCart 3.0.X
----------------------------------------------------------------
2018-12-02 6:24:27 - MOD: Modification Default

FILE: system/engine/action.php
REGEX: ~(require|include)(_once)?\(([^)]+)~
LINE: 69

FILE: system/engine/loader.php
REGEX: ~(require|include)(_once)?\(([^)]+)~
LINE: 77
LINE: 151
LINE: 168

FILE: system/library/config.php
REGEX: ~(require|include)(_once)?\(([^)]+)~
LINE: 59

FILE: system/library/language.php
REGEX: ~(require|include)(_once)?\(([^)]+)~
LINE: 67
LINE: 73

FILE: system/library/template/template.php
REGEX: ~(require|include)(_once)?\(([^)]+)~
LINE: 18

FILE: system/library/template/twig.php
CODE: $loader = new \Twig_Loader_Filesystem(DIR_TEMPLATE);
LINE: 19
----------------------------------------------------------------
MOD: Dark Velvet Template by GrandCMS.com

FILE: catalog/view/theme/default/template/common/header.twig
CODE: <link href="catalog/view/theme/default/stylesheet/stylesheet.css" rel="stylesheet">
LINE: 24
CODE: <body>
LINE: 39

FILE: catalog/view/theme/default/template/common/footer.twig
CODE: </body></html>
LINE: 52
----------------------------------------------------------------
MOD: Tema WNWEB

FILE: catalog/view/theme/default/template/product/product.twig
CODE: {% set class = 'col-sm-8' %}
LINE: 20
CODE: {% set class = 'col-sm-4' %}
LINE: 117
CODE: <br />
LINE: 281
CODE: <br>
NOT FOUND - OPERATIONS ABORTED!

FILE: catalog/controller/common/footer.php
CODE: public function index() {
LINE: 9
CODE: </footer>
LINE: 43

FILE: catalog/view/theme/wnweb/template/common/footer.twig
CODE: </footer>
LINE: 43

FILE: catalog/view/theme/default/template/product/special.twig
CODE: <button type="button" onclick="cart.add('{{ product.product_id }}');"><i class="fa fa-shopping-cart"></i> <span class="hidden-xs hidden-sm hidden-md">{{ button_cart }}</span></button>
NOT FOUND - OPERATIONS ABORTED!

FILE: catalog/view/theme/default/template/extension/module/featured.twig
CODE: <button type="button" onclick="cart.add('{{ product.product_id }}');"><i class="fa fa-shopping-cart"></i> <span class="hidden-xs hidden-sm hidden-md">{{ button_cart }}</span></button>
LINE: 34

FILE: catalog/view/theme/wnweb/template/extension/module/featured.twig
CODE: <button type="button" onclick="cart.add('{{ product.product_id }}');"><i class="fa fa-shopping-cart"></i> <span class="hidden-xs hidden-sm hidden-md">{{ button_cart }}</span></button>
LINE: 34

FILE: catalog/view/theme/default/template/extension/module/bestseller.twig
CODE: <button type="button" onclick="cart.add('{{ product.product_id }}');"><i class="fa fa-shopping-cart"></i> <span class="hidden-xs hidden-sm hidden-md">{{ button_cart }}</span></button>
LINE: 34

FILE: catalog/view/theme/wnweb/template/extension/module/bestseller.twig
CODE: <button type="button" onclick="cart.add('{{ product.product_id }}');"><i class="fa fa-shopping-cart"></i> <span class="hidden-xs hidden-sm hidden-md">{{ button_cart }}</span></button>
LINE: 34

FILE: catalog/view/theme/default/template/extension/module/latest.twig
CODE: <button type="button" onclick="cart.add('{{ product.product_id }}');"><i class="fa fa-shopping-cart"></i> <span class="hidden-xs hidden-sm hidden-md">{{ button_cart }}</span></button>
LINE: 20

FILE: catalog/view/theme/wnweb/template/extension/module/latest.twig
CODE: <button type="button" onclick="cart.add('{{ product.product_id }}');"><i class="fa fa-shopping-cart"></i> <span class="hidden-xs hidden-sm hidden-md">{{ button_cart }}</span></button>
LINE: 20

FILE: catalog/view/theme/default/template/extension/module/special.twig
CODE: <button type="button" onclick="cart.add('{{ product.product_id }}');"><i class="fa fa-shopping-cart"></i> <span class="hidden-xs hidden-sm hidden-md">{{ button_cart }}</span></button>
LINE: 20

FILE: catalog/view/theme/wnweb/template/extension/module/special.twig
CODE: <button type="button" onclick="cart.add('{{ product.product_id }}');"><i class="fa fa-shopping-cart"></i> <span class="hidden-xs hidden-sm hidden-md">{{ button_cart }}</span></button>
LINE: 20
CODE: <button type="button" onclick="cart.add('{{ product.product_id }}');"><i class="fa fa-shopping-cart"></i> <span class="hidden-xs hidden-sm hidden-md">{{ button_cart }}</span></button>
NOT FOUND - OPERATIONS ABORTED!

FILE: catalog/view/theme/default/template/product/search.twig
CODE: <button type="button" onclick="cart.add('{{ product.product_id }}');"><i class="fa fa-shopping-cart"></i> <span class="hidden-xs hidden-sm hidden-md">{{ button_cart }}</span></button>
NOT FOUND - OPERATIONS ABORTED!

FILE: catalog/view/theme/default/template/product/category.twig
CODE: <button type="button" onclick="cart.add('{{ product.product_id }}');"><i class="fa fa-shopping-cart"></i> <span class="hidden-xs hidden-sm hidden-md">{{ button_cart }}</span></button>
NOT FOUND - OPERATIONS ABORTED!

FILE: catalog/view/theme/default/template/account/account.twig
CODE: <li><a href="{{ download }}">{{ text_download }}</a></li>
LINE: 37
CODE: <li><a href="{{ reward }}">{{ text_reward }}</a></li>
LINE: 39
CODE: <li><a href="{{ recurring }}">{{ text_recurring }}</a></li>
LINE: 43
CODE: <h2>{{ text_my_affiliate }}</h2>
LINE: 45
CODE: <li><a href="{{ wishlist }}">{{ text_wishlist }}</a></li>
LINE: 24

FILE: catalog/view/theme/wnweb/template/account/account.twig
CODE: <li><a href="{{ download }}">{{ text_download }}</a></li>
NOT FOUND - OPERATIONS ABORTED!

FILE: catalog/view/theme/default/template/extension/module/account.twig
CODE: <a href="{{ address }}" class="list-group-item">{{ text_address }}</a> <a href="{{ wishlist }}" class="list-group-item">{{ text_wishlist }}</a> <a href="{{ order }}" class="list-group-item">{{ text_order }}</a> <a href="{{ download }}" class="list-group-item">{{ text_download }}</a><a href="{{ recurring }}" class="list-group-item">{{ text_recurring }}</a> <a href="{{ reward }}" class="list-group-item">{{ text_reward }}</a> <a href="{{ return }}" class="list-group-item">{{ text_return }}</a> <a href="{{ transaction }}" class="list-group-item">{{ text_transaction }}</a> <a href="{{ newsletter }}" class="list-group-item">{{ text_newsletter }}</a>
LINE: 8

FILE: catalog/view/theme/wnweb/template/extension/module/account.twig
CODE: <a href="{{ address }}" class="list-group-item">{{ text_address }}</a> <a href="{{ wishlist }}" class="list-group-item">{{ text_wishlist }}</a> <a href="{{ order }}" class="list-group-item">{{ text_order }}</a> <a href="{{ download }}" class="list-group-item">{{ text_download }}</a><a href="{{ recurring }}" class="list-group-item">{{ text_recurring }}</a> <a href="{{ reward }}" class="list-group-item">{{ text_reward }}</a> <a href="{{ return }}" class="list-group-item">{{ text_return }}</a> <a href="{{ transaction }}" class="list-group-item">{{ text_transaction }}</a> <a href="{{ newsletter }}" class="list-group-item">{{ text_newsletter }}</a>
LINE: 8
----------------------------------------------------------------
MOD: Tema WNWEB
CODE: {% set class = 'col-sm-8' %}
LINE: 20
CODE: {% set class = 'col-sm-4' %}
LINE: 118
CODE: <br />
NOT FOUND - OPERATIONS ABORTED!
CODE: public function index() {
LINE: 9
CODE: </footer>
LINE: 46
LINE: 49
CODE: </footer>
LINE: 46
LINE: 49
CODE: <button type="button" onclick="cart.add('{{ product.product_id }}');"><i class="fa fa-shopping-cart"></i> <span class="hidden-xs hidden-sm hidden-md">{{ button_cart }}</span></button>
NOT FOUND - OPERATIONS ABORTED!
CODE: <button type="button" onclick="cart.add('{{ product.product_id }}');"><i class="fa fa-shopping-cart"></i> <span class="hidden-xs hidden-sm hidden-md">{{ button_cart }}</span></button>
NOT FOUND - OPERATIONS ABORTED!
CODE: <button type="button" onclick="cart.add('{{ product.product_id }}');"><i class="fa fa-shopping-cart"></i> <span class="hidden-xs hidden-sm hidden-md">{{ button_cart }}</span></button>
NOT FOUND - OPERATIONS ABORTED!
CODE: <button type="button" onclick="cart.add('{{ product.product_id }}');"><i class="fa fa-shopping-cart"></i> <span class="hidden-xs hidden-sm hidden-md">{{ button_cart }}</span></button>
NOT FOUND - OPERATIONS ABORTED!
CODE: <button type="button" onclick="cart.add('{{ product.product_id }}');"><i class="fa fa-shopping-cart"></i> <span class="hidden-xs hidden-sm hidden-md">{{ button_cart }}</span></button>
NOT FOUND - OPERATIONS ABORTED!
CODE: <button type="button" onclick="cart.add('{{ product.product_id }}');"><i class="fa fa-shopping-cart"></i> <span class="hidden-xs hidden-sm hidden-md">{{ button_cart }}</span></button>
NOT FOUND - OPERATIONS ABORTED!
CODE: <button type="button" onclick="cart.add('{{ product.product_id }}');"><i class="fa fa-shopping-cart"></i> <span class="hidden-xs hidden-sm hidden-md">{{ button_cart }}</span></button>
NOT FOUND - OPERATIONS ABORTED!
CODE: <button type="button" onclick="cart.add('{{ product.product_id }}');"><i class="fa fa-shopping-cart"></i> <span class="hidden-xs hidden-sm hidden-md">{{ button_cart }}</span></button>
NOT FOUND - OPERATIONS ABORTED!
CODE: <button type="button" onclick="cart.add('{{ product.product_id }}');"><i class="fa fa-shopping-cart"></i> <span class="hidden-xs hidden-sm hidden-md">{{ button_cart }}</span></button>
NOT FOUND - OPERATIONS ABORTED!
CODE: <button type="button" onclick="cart.add('{{ product.product_id }}');"><i class="fa fa-shopping-cart"></i> <span class="hidden-xs hidden-sm hidden-md">{{ button_cart }}</span></button>
NOT FOUND - OPERATIONS ABORTED!
CODE: <button type="button" onclick="cart.add('{{ product.product_id }}');"><i class="fa fa-shopping-cart"></i> <span class="hidden-xs hidden-sm hidden-md">{{ button_cart }}</span></button>
NOT FOUND - OPERATIONS ABORTED!
CODE: <button type="button" onclick="cart.add('{{ product.product_id }}');"><i class="fa fa-shopping-cart"></i> <span class="hidden-xs hidden-sm hidden-md">{{ button_cart }}</span></button>
NOT FOUND - OPERATIONS ABORTED!
CODE: <li><a href="{{ download }}">{{ text_download }}</a></li>
NOT FOUND - OPERATIONS ABORTED!
CODE: <li><a href="{{ download }}">{{ text_download }}</a></li>
NOT FOUND - OPERATIONS ABORTED!
CODE: <a href="{{ address }}" class="list-group-item">{{ text_address }}</a> <a href="{{ wishlist }}" class="list-group-item">{{ text_wishlist }}</a> <a href="{{ order }}" class="list-group-item">{{ text_order }}</a> <a href="{{ download }}" class="list-group-item">{{ text_download }}</a><a href="{{ recurring }}" class="list-group-item">{{ text_recurring }}</a> <a href="{{ reward }}" class="list-group-item">{{ text_reward }}</a> <a href="{{ return }}" class="list-group-item">{{ text_return }}</a> <a href="{{ transaction }}" class="list-group-item">{{ text_transaction }}</a> <a href="{{ newsletter }}" class="list-group-item">{{ text_newsletter }}</a>
NOT FOUND - OPERATIONS ABORTED!
CODE: <a href="{{ address }}" class="list-group-item">{{ text_address }}</a> <a href="{{ wishlist }}" class="list-group-item">{{ text_wishlist }}</a> <a href="{{ order }}" class="list-group-item">{{ text_order }}</a> <a href="{{ download }}" class="list-group-item">{{ text_download }}</a><a href="{{ recurring }}" class="list-group-item">{{ text_recurring }}</a> <a href="{{ reward }}" class="list-group-item">{{ text_reward }}</a> <a href="{{ return }}" class="list-group-item">{{ text_return }}</a> <a href="{{ transaction }}" class="list-group-item">{{ text_transaction }}</a> <a href="{{ newsletter }}" class="list-group-item">{{ text_newsletter }}</a>
NOT FOUND - OPERATIONS ABORTED!
----------------------------------------------------------------
MOD: 香港繁體中文語言包 OpenCart 3.0.X
----------------------------------------------------------------
2018-12-02 6:24:36 - MOD: Modification Default

FILE: system/engine/action.php
REGEX: ~(require|include)(_once)?\(([^)]+)~
LINE: 69

FILE: system/engine/loader.php
REGEX: ~(require|include)(_once)?\(([^)]+)~
LINE: 77
LINE: 151
LINE: 168

FILE: system/library/config.php
REGEX: ~(require|include)(_once)?\(([^)]+)~
LINE: 59

FILE: system/library/language.php
REGEX: ~(require|include)(_once)?\(([^)]+)~
LINE: 67
LINE: 73

FILE: system/library/template/template.php
REGEX: ~(require|include)(_once)?\(([^)]+)~
LINE: 18

FILE: system/library/template/twig.php
CODE: $loader = new \Twig_Loader_Filesystem(DIR_TEMPLATE);
LINE: 19
----------------------------------------------------------------
MOD: Dark Velvet Template by GrandCMS.com

FILE: catalog/view/theme/default/template/common/header.twig
CODE: <link href="catalog/view/theme/default/stylesheet/stylesheet.css" rel="stylesheet">
LINE: 24
CODE: <body>
LINE: 39

FILE: catalog/view/theme/default/template/common/footer.twig
CODE: </body></html>
LINE: 52
----------------------------------------------------------------
MOD: Tema WNWEB

FILE: catalog/view/theme/default/template/product/product.twig
CODE: {% set class = 'col-sm-8' %}
LINE: 20
CODE: {% set class = 'col-sm-4' %}
LINE: 117
CODE: <br />
LINE: 281
CODE: <br>
NOT FOUND - OPERATIONS ABORTED!

FILE: catalog/controller/common/footer.php
CODE: public function index() {
LINE: 9
CODE: </footer>
LINE: 43

FILE: catalog/view/theme/wnweb/template/common/footer.twig
CODE: </footer>
LINE: 43

FILE: catalog/view/theme/default/template/product/special.twig
CODE: <button type="button" onclick="cart.add('{{ product.product_id }}');"><i class="fa fa-shopping-cart"></i> <span class="hidden-xs hidden-sm hidden-md">{{ button_cart }}</span></button>
NOT FOUND - OPERATIONS ABORTED!

FILE: catalog/view/theme/default/template/extension/module/featured.twig
CODE: <button type="button" onclick="cart.add('{{ product.product_id }}');"><i class="fa fa-shopping-cart"></i> <span class="hidden-xs hidden-sm hidden-md">{{ button_cart }}</span></button>
LINE: 34

FILE: catalog/view/theme/wnweb/template/extension/module/featured.twig
CODE: <button type="button" onclick="cart.add('{{ product.product_id }}');"><i class="fa fa-shopping-cart"></i> <span class="hidden-xs hidden-sm hidden-md">{{ button_cart }}</span></button>
LINE: 34

FILE: catalog/view/theme/default/template/extension/module/bestseller.twig
CODE: <button type="button" onclick="cart.add('{{ product.product_id }}');"><i class="fa fa-shopping-cart"></i> <span class="hidden-xs hidden-sm hidden-md">{{ button_cart }}</span></button>
LINE: 34

FILE: catalog/view/theme/wnweb/template/extension/module/bestseller.twig
CODE: <button type="button" onclick="cart.add('{{ product.product_id }}');"><i class="fa fa-shopping-cart"></i> <span class="hidden-xs hidden-sm hidden-md">{{ button_cart }}</span></button>
LINE: 34

FILE: catalog/view/theme/default/template/extension/module/latest.twig
CODE: <button type="button" onclick="cart.add('{{ product.product_id }}');"><i class="fa fa-shopping-cart"></i> <span class="hidden-xs hidden-sm hidden-md">{{ button_cart }}</span></button>
LINE: 20

FILE: catalog/view/theme/wnweb/template/extension/module/latest.twig
CODE: <button type="button" onclick="cart.add('{{ product.product_id }}');"><i class="fa fa-shopping-cart"></i> <span class="hidden-xs hidden-sm hidden-md">{{ button_cart }}</span></button>
LINE: 20

FILE: catalog/view/theme/default/template/extension/module/special.twig
CODE: <button type="button" onclick="cart.add('{{ product.product_id }}');"><i class="fa fa-shopping-cart"></i> <span class="hidden-xs hidden-sm hidden-md">{{ button_cart }}</span></button>
LINE: 20

FILE: catalog/view/theme/wnweb/template/extension/module/special.twig
CODE: <button type="button" onclick="cart.add('{{ product.product_id }}');"><i class="fa fa-shopping-cart"></i> <span class="hidden-xs hidden-sm hidden-md">{{ button_cart }}</span></button>
LINE: 20
CODE: <button type="button" onclick="cart.add('{{ product.product_id }}');"><i class="fa fa-shopping-cart"></i> <span class="hidden-xs hidden-sm hidden-md">{{ button_cart }}</span></button>
NOT FOUND - OPERATIONS ABORTED!

FILE: catalog/view/theme/default/template/product/search.twig
CODE: <button type="button" onclick="cart.add('{{ product.product_id }}');"><i class="fa fa-shopping-cart"></i> <span class="hidden-xs hidden-sm hidden-md">{{ button_cart }}</span></button>
NOT FOUND - OPERATIONS ABORTED!

FILE: catalog/view/theme/default/template/product/category.twig
CODE: <button type="button" onclick="cart.add('{{ product.product_id }}');"><i class="fa fa-shopping-cart"></i> <span class="hidden-xs hidden-sm hidden-md">{{ button_cart }}</span></button>
NOT FOUND - OPERATIONS ABORTED!

FILE: catalog/view/theme/default/template/account/account.twig
CODE: <li><a href="{{ download }}">{{ text_download }}</a></li>
LINE: 37
CODE: <li><a href="{{ reward }}">{{ text_reward }}</a></li>
LINE: 39
CODE: <li><a href="{{ recurring }}">{{ text_recurring }}</a></li>
LINE: 43
CODE: <h2>{{ text_my_affiliate }}</h2>
LINE: 45
CODE: <li><a href="{{ wishlist }}">{{ text_wishlist }}</a></li>
LINE: 24

FILE: catalog/view/theme/wnweb/template/account/account.twig
CODE: <li><a href="{{ download }}">{{ text_download }}</a></li>
NOT FOUND - OPERATIONS ABORTED!

FILE: catalog/view/theme/default/template/extension/module/account.twig
CODE: <a href="{{ address }}" class="list-group-item">{{ text_address }}</a> <a href="{{ wishlist }}" class="list-group-item">{{ text_wishlist }}</a> <a href="{{ order }}" class="list-group-item">{{ text_order }}</a> <a href="{{ download }}" class="list-group-item">{{ text_download }}</a><a href="{{ recurring }}" class="list-group-item">{{ text_recurring }}</a> <a href="{{ reward }}" class="list-group-item">{{ text_reward }}</a> <a href="{{ return }}" class="list-group-item">{{ text_return }}</a> <a href="{{ transaction }}" class="list-group-item">{{ text_transaction }}</a> <a href="{{ newsletter }}" class="list-group-item">{{ text_newsletter }}</a>
LINE: 8

FILE: catalog/view/theme/wnweb/template/extension/module/account.twig
CODE: <a href="{{ address }}" class="list-group-item">{{ text_address }}</a> <a href="{{ wishlist }}" class="list-group-item">{{ text_wishlist }}</a> <a href="{{ order }}" class="list-group-item">{{ text_order }}</a> <a href="{{ download }}" class="list-group-item">{{ text_download }}</a><a href="{{ recurring }}" class="list-group-item">{{ text_recurring }}</a> <a href="{{ reward }}" class="list-group-item">{{ text_reward }}</a> <a href="{{ return }}" class="list-group-item">{{ text_return }}</a> <a href="{{ transaction }}" class="list-group-item">{{ text_transaction }}</a> <a href="{{ newsletter }}" class="list-group-item">{{ text_newsletter }}</a>
LINE: 8
----------------------------------------------------------------
MOD: Tema WNWEB
CODE: {% set class = 'col-sm-8' %}
LINE: 20
CODE: {% set class = 'col-sm-4' %}
LINE: 118
CODE: <br />
NOT FOUND - OPERATIONS ABORTED!
CODE: public function index() {
LINE: 9
CODE: </footer>
LINE: 46
LINE: 49
CODE: </footer>
LINE: 46
LINE: 49
CODE: <button type="button" onclick="cart.add('{{ product.product_id }}');"><i class="fa fa-shopping-cart"></i> <span class="hidden-xs hidden-sm hidden-md">{{ button_cart }}</span></button>
NOT FOUND - OPERATIONS ABORTED!
CODE: <button type="button" onclick="cart.add('{{ product.product_id }}');"><i class="fa fa-shopping-cart"></i> <span class="hidden-xs hidden-sm hidden-md">{{ button_cart }}</span></button>
NOT FOUND - OPERATIONS ABORTED!
CODE: <button type="button" onclick="cart.add('{{ product.product_id }}');"><i class="fa fa-shopping-cart"></i> <span class="hidden-xs hidden-sm hidden-md">{{ button_cart }}</span></button>
NOT FOUND - OPERATIONS ABORTED!
CODE: <button type="button" onclick="cart.add('{{ product.product_id }}');"><i class="fa fa-shopping-cart"></i> <span class="hidden-xs hidden-sm hidden-md">{{ button_cart }}</span></button>
NOT FOUND - OPERATIONS ABORTED!
CODE: <button type="button" onclick="cart.add('{{ product.product_id }}');"><i class="fa fa-shopping-cart"></i> <span class="hidden-xs hidden-sm hidden-md">{{ button_cart }}</span></button>
NOT FOUND - OPERATIONS ABORTED!
CODE: <button type="button" onclick="cart.add('{{ product.product_id }}');"><i class="fa fa-shopping-cart"></i> <span class="hidden-xs hidden-sm hidden-md">{{ button_cart }}</span></button>
NOT FOUND - OPERATIONS ABORTED!
CODE: <button type="button" onclick="cart.add('{{ product.product_id }}');"><i class="fa fa-shopping-cart"></i> <span class="hidden-xs hidden-sm hidden-md">{{ button_cart }}</span></button>
NOT FOUND - OPERATIONS ABORTED!
CODE: <button type="button" onclick="cart.add('{{ product.product_id }}');"><i class="fa fa-shopping-cart"></i> <span class="hidden-xs hidden-sm hidden-md">{{ button_cart }}</span></button>
NOT FOUND - OPERATIONS ABORTED!
CODE: <button type="button" onclick="cart.add('{{ product.product_id }}');"><i class="fa fa-shopping-cart"></i> <span class="hidden-xs hidden-sm hidden-md">{{ button_cart }}</span></button>
NOT FOUND - OPERATIONS ABORTED!
CODE: <button type="button" onclick="cart.add('{{ product.product_id }}');"><i class="fa fa-shopping-cart"></i> <span class="hidden-xs hidden-sm hidden-md">{{ button_cart }}</span></button>
NOT FOUND - OPERATIONS ABORTED!
CODE: <button type="button" onclick="cart.add('{{ product.product_id }}');"><i class="fa fa-shopping-cart"></i> <span class="hidden-xs hidden-sm hidden-md">{{ button_cart }}</span></button>
NOT FOUND - OPERATIONS ABORTED!
CODE: <button type="button" onclick="cart.add('{{ product.product_id }}');"><i class="fa fa-shopping-cart"></i> <span class="hidden-xs hidden-sm hidden-md">{{ button_cart }}</span></button>
NOT FOUND - OPERATIONS ABORTED!
CODE: <li><a href="{{ download }}">{{ text_download }}</a></li>
NOT FOUND - OPERATIONS ABORTED!
CODE: <li><a href="{{ download }}">{{ text_download }}</a></li>
NOT FOUND - OPERATIONS ABORTED!
CODE: <a href="{{ address }}" class="list-group-item">{{ text_address }}</a> <a href="{{ wishlist }}" class="list-group-item">{{ text_wishlist }}</a> <a href="{{ order }}" class="list-group-item">{{ text_order }}</a> <a href="{{ download }}" class="list-group-item">{{ text_download }}</a><a href="{{ recurring }}" class="list-group-item">{{ text_recurring }}</a> <a href="{{ reward }}" class="list-group-item">{{ text_reward }}</a> <a href="{{ return }}" class="list-group-item">{{ text_return }}</a> <a href="{{ transaction }}" class="list-group-item">{{ text_transaction }}</a> <a href="{{ newsletter }}" class="list-group-item">{{ text_newsletter }}</a>
NOT FOUND - OPERATIONS ABORTED!
CODE: <a href="{{ address }}" class="list-group-item">{{ text_address }}</a> <a href="{{ wishlist }}" class="list-group-item">{{ text_wishlist }}</a> <a href="{{ order }}" class="list-group-item">{{ text_order }}</a> <a href="{{ download }}" class="list-group-item">{{ text_download }}</a><a href="{{ recurring }}" class="list-group-item">{{ text_recurring }}</a> <a href="{{ reward }}" class="list-group-item">{{ text_reward }}</a> <a href="{{ return }}" class="list-group-item">{{ text_return }}</a> <a href="{{ transaction }}" class="list-group-item">{{ text_transaction }}</a> <a href="{{ newsletter }}" class="list-group-item">{{ text_newsletter }}</a>
NOT FOUND - OPERATIONS ABORTED!
----------------------------------------------------------------
MOD: 香港繁體中文語言包 OpenCart 3.0.X
----------------------------------------------------------------
2018-12-02 6:28:55 - MOD: Modification Default

FILE: system/engine/action.php
REGEX: ~(require|include)(_once)?\(([^)]+)~
LINE: 69

FILE: system/engine/loader.php
REGEX: ~(require|include)(_once)?\(([^)]+)~
LINE: 77
LINE: 151
LINE: 168

FILE: system/library/config.php
REGEX: ~(require|include)(_once)?\(([^)]+)~
LINE: 59

FILE: system/library/language.php
REGEX: ~(require|include)(_once)?\(([^)]+)~
LINE: 67
LINE: 73

FILE: system/library/template/template.php
REGEX: ~(require|include)(_once)?\(([^)]+)~
LINE: 18

FILE: system/library/template/twig.php
CODE: $loader = new \Twig_Loader_Filesystem(DIR_TEMPLATE);
LINE: 19
----------------------------------------------------------------
MOD: Tema WNWEB

FILE: catalog/view/theme/default/template/product/product.twig
CODE: {% set class = 'col-sm-8' %}
LINE: 20
CODE: {% set class = 'col-sm-4' %}
LINE: 117
CODE: <br />
LINE: 281
CODE: <br>
NOT FOUND - OPERATIONS ABORTED!

FILE: catalog/controller/common/footer.php
CODE: public function index() {
LINE: 9

FILE: catalog/view/theme/default/template/common/footer.twig
CODE: </footer>
LINE: 43

FILE: catalog/view/theme/wnweb/template/common/footer.twig
CODE: </footer>
LINE: 43

FILE: catalog/view/theme/default/template/product/special.twig
CODE: <button type="button" onclick="cart.add('{{ product.product_id }}');"><i class="fa fa-shopping-cart"></i> <span class="hidden-xs hidden-sm hidden-md">{{ button_cart }}</span></button>
NOT FOUND - OPERATIONS ABORTED!

FILE: catalog/view/theme/default/template/extension/module/featured.twig
CODE: <button type="button" onclick="cart.add('{{ product.product_id }}');"><i class="fa fa-shopping-cart"></i> <span class="hidden-xs hidden-sm hidden-md">{{ button_cart }}</span></button>
LINE: 34

FILE: catalog/view/theme/wnweb/template/extension/module/featured.twig
CODE: <button type="button" onclick="cart.add('{{ product.product_id }}');"><i class="fa fa-shopping-cart"></i> <span class="hidden-xs hidden-sm hidden-md">{{ button_cart }}</span></button>
LINE: 34

FILE: catalog/view/theme/default/template/extension/module/bestseller.twig
CODE: <button type="button" onclick="cart.add('{{ product.product_id }}');"><i class="fa fa-shopping-cart"></i> <span class="hidden-xs hidden-sm hidden-md">{{ button_cart }}</span></button>
LINE: 34

FILE: catalog/view/theme/wnweb/template/extension/module/bestseller.twig
CODE: <button type="button" onclick="cart.add('{{ product.product_id }}');"><i class="fa fa-shopping-cart"></i> <span class="hidden-xs hidden-sm hidden-md">{{ button_cart }}</span></button>
LINE: 34

FILE: catalog/view/theme/default/template/extension/module/latest.twig
CODE: <button type="button" onclick="cart.add('{{ product.product_id }}');"><i class="fa fa-shopping-cart"></i> <span class="hidden-xs hidden-sm hidden-md">{{ button_cart }}</span></button>
LINE: 20

FILE: catalog/view/theme/wnweb/template/extension/module/latest.twig
CODE: <button type="button" onclick="cart.add('{{ product.product_id }}');"><i class="fa fa-shopping-cart"></i> <span class="hidden-xs hidden-sm hidden-md">{{ button_cart }}</span></button>
LINE: 20

FILE: catalog/view/theme/default/template/extension/module/special.twig
CODE: <button type="button" onclick="cart.add('{{ product.product_id }}');"><i class="fa fa-shopping-cart"></i> <span class="hidden-xs hidden-sm hidden-md">{{ button_cart }}</span></button>
LINE: 20

FILE: catalog/view/theme/wnweb/template/extension/module/special.twig
CODE: <button type="button" onclick="cart.add('{{ product.product_id }}');"><i class="fa fa-shopping-cart"></i> <span class="hidden-xs hidden-sm hidden-md">{{ button_cart }}</span></button>
LINE: 20
CODE: <button type="button" onclick="cart.add('{{ product.product_id }}');"><i class="fa fa-shopping-cart"></i> <span class="hidden-xs hidden-sm hidden-md">{{ button_cart }}</span></button>
NOT FOUND - OPERATIONS ABORTED!

FILE: catalog/view/theme/default/template/product/search.twig
CODE: <button type="button" onclick="cart.add('{{ product.product_id }}');"><i class="fa fa-shopping-cart"></i> <span class="hidden-xs hidden-sm hidden-md">{{ button_cart }}</span></button>
NOT FOUND - OPERATIONS ABORTED!

FILE: catalog/view/theme/default/template/product/category.twig
CODE: <button type="button" onclick="cart.add('{{ product.product_id }}');"><i class="fa fa-shopping-cart"></i> <span class="hidden-xs hidden-sm hidden-md">{{ button_cart }}</span></button>
NOT FOUND - OPERATIONS ABORTED!

FILE: catalog/view/theme/default/template/account/account.twig
CODE: <li><a href="{{ download }}">{{ text_download }}</a></li>
LINE: 37
CODE: <li><a href="{{ reward }}">{{ text_reward }}</a></li>
LINE: 39
CODE: <li><a href="{{ recurring }}">{{ text_recurring }}</a></li>
LINE: 43
CODE: <h2>{{ text_my_affiliate }}</h2>
LINE: 45
CODE: <li><a href="{{ wishlist }}">{{ text_wishlist }}</a></li>
LINE: 24

FILE: catalog/view/theme/wnweb/template/account/account.twig
CODE: <li><a href="{{ download }}">{{ text_download }}</a></li>
NOT FOUND - OPERATIONS ABORTED!

FILE: catalog/view/theme/default/template/extension/module/account.twig
CODE: <a href="{{ address }}" class="list-group-item">{{ text_address }}</a> <a href="{{ wishlist }}" class="list-group-item">{{ text_wishlist }}</a> <a href="{{ order }}" class="list-group-item">{{ text_order }}</a> <a href="{{ download }}" class="list-group-item">{{ text_download }}</a><a href="{{ recurring }}" class="list-group-item">{{ text_recurring }}</a> <a href="{{ reward }}" class="list-group-item">{{ text_reward }}</a> <a href="{{ return }}" class="list-group-item">{{ text_return }}</a> <a href="{{ transaction }}" class="list-group-item">{{ text_transaction }}</a> <a href="{{ newsletter }}" class="list-group-item">{{ text_newsletter }}</a>
LINE: 8

FILE: catalog/view/theme/wnweb/template/extension/module/account.twig
CODE: <a href="{{ address }}" class="list-group-item">{{ text_address }}</a> <a href="{{ wishlist }}" class="list-group-item">{{ text_wishlist }}</a> <a href="{{ order }}" class="list-group-item">{{ text_order }}</a> <a href="{{ download }}" class="list-group-item">{{ text_download }}</a><a href="{{ recurring }}" class="list-group-item">{{ text_recurring }}</a> <a href="{{ reward }}" class="list-group-item">{{ text_reward }}</a> <a href="{{ return }}" class="list-group-item">{{ text_return }}</a> <a href="{{ transaction }}" class="list-group-item">{{ text_transaction }}</a> <a href="{{ newsletter }}" class="list-group-item">{{ text_newsletter }}</a>
LINE: 8
----------------------------------------------------------------
MOD: Tema WNWEB
CODE: {% set class = 'col-sm-8' %}
LINE: 20
CODE: {% set class = 'col-sm-4' %}
LINE: 118
CODE: <br />
NOT FOUND - OPERATIONS ABORTED!
CODE: public function index() {
LINE: 9
CODE: </footer>
LINE: 46
LINE: 49
CODE: </footer>
LINE: 46
LINE: 49
CODE: <button type="button" onclick="cart.add('{{ product.product_id }}');"><i class="fa fa-shopping-cart"></i> <span class="hidden-xs hidden-sm hidden-md">{{ button_cart }}</span></button>
NOT FOUND - OPERATIONS ABORTED!
CODE: <button type="button" onclick="cart.add('{{ product.product_id }}');"><i class="fa fa-shopping-cart"></i> <span class="hidden-xs hidden-sm hidden-md">{{ button_cart }}</span></button>
NOT FOUND - OPERATIONS ABORTED!
CODE: <button type="button" onclick="cart.add('{{ product.product_id }}');"><i class="fa fa-shopping-cart"></i> <span class="hidden-xs hidden-sm hidden-md">{{ button_cart }}</span></button>
NOT FOUND - OPERATIONS ABORTED!
CODE: <button type="button" onclick="cart.add('{{ product.product_id }}');"><i class="fa fa-shopping-cart"></i> <span class="hidden-xs hidden-sm hidden-md">{{ button_cart }}</span></button>
NOT FOUND - OPERATIONS ABORTED!
CODE: <button type="button" onclick="cart.add('{{ product.product_id }}');"><i class="fa fa-shopping-cart"></i> <span class="hidden-xs hidden-sm hidden-md">{{ button_cart }}</span></button>
NOT FOUND - OPERATIONS ABORTED!
CODE: <button type="button" onclick="cart.add('{{ product.product_id }}');"><i class="fa fa-shopping-cart"></i> <span class="hidden-xs hidden-sm hidden-md">{{ button_cart }}</span></button>
NOT FOUND - OPERATIONS ABORTED!
CODE: <button type="button" onclick="cart.add('{{ product.product_id }}');"><i class="fa fa-shopping-cart"></i> <span class="hidden-xs hidden-sm hidden-md">{{ button_cart }}</span></button>
NOT FOUND - OPERATIONS ABORTED!
CODE: <button type="button" onclick="cart.add('{{ product.product_id }}');"><i class="fa fa-shopping-cart"></i> <span class="hidden-xs hidden-sm hidden-md">{{ button_cart }}</span></button>
NOT FOUND - OPERATIONS ABORTED!
CODE: <button type="button" onclick="cart.add('{{ product.product_id }}');"><i class="fa fa-shopping-cart"></i> <span class="hidden-xs hidden-sm hidden-md">{{ button_cart }}</span></button>
NOT FOUND - OPERATIONS ABORTED!
CODE: <button type="button" onclick="cart.add('{{ product.product_id }}');"><i class="fa fa-shopping-cart"></i> <span class="hidden-xs hidden-sm hidden-md">{{ button_cart }}</span></button>
NOT FOUND - OPERATIONS ABORTED!
CODE: <button type="button" onclick="cart.add('{{ product.product_id }}');"><i class="fa fa-shopping-cart"></i> <span class="hidden-xs hidden-sm hidden-md">{{ button_cart }}</span></button>
NOT FOUND - OPERATIONS ABORTED!
CODE: <button type="button" onclick="cart.add('{{ product.product_id }}');"><i class="fa fa-shopping-cart"></i> <span class="hidden-xs hidden-sm hidden-md">{{ button_cart }}</span></button>
NOT FOUND - OPERATIONS ABORTED!
CODE: <li><a href="{{ download }}">{{ text_download }}</a></li>
NOT FOUND - OPERATIONS ABORTED!
CODE: <li><a href="{{ download }}">{{ text_download }}</a></li>
NOT FOUND - OPERATIONS ABORTED!
CODE: <a href="{{ address }}" class="list-group-item">{{ text_address }}</a> <a href="{{ wishlist }}" class="list-group-item">{{ text_wishlist }}</a> <a href="{{ order }}" class="list-group-item">{{ text_order }}</a> <a href="{{ download }}" class="list-group-item">{{ text_download }}</a><a href="{{ recurring }}" class="list-group-item">{{ text_recurring }}</a> <a href="{{ reward }}" class="list-group-item">{{ text_reward }}</a> <a href="{{ return }}" class="list-group-item">{{ text_return }}</a> <a href="{{ transaction }}" class="list-group-item">{{ text_transaction }}</a> <a href="{{ newsletter }}" class="list-group-item">{{ text_newsletter }}</a>
NOT FOUND - OPERATIONS ABORTED!
CODE: <a href="{{ address }}" class="list-group-item">{{ text_address }}</a> <a href="{{ wishlist }}" class="list-group-item">{{ text_wishlist }}</a> <a href="{{ order }}" class="list-group-item">{{ text_order }}</a> <a href="{{ download }}" class="list-group-item">{{ text_download }}</a><a href="{{ recurring }}" class="list-group-item">{{ text_recurring }}</a> <a href="{{ reward }}" class="list-group-item">{{ text_reward }}</a> <a href="{{ return }}" class="list-group-item">{{ text_return }}</a> <a href="{{ transaction }}" class="list-group-item">{{ text_transaction }}</a> <a href="{{ newsletter }}" class="list-group-item">{{ text_newsletter }}</a>
NOT FOUND - OPERATIONS ABORTED!
----------------------------------------------------------------
MOD: 香港繁體中文語言包 OpenCart 3.0.X
----------------------------------------------------------------
2018-12-02 6:45:25 - MOD: Modification Default

FILE: system/engine/action.php
REGEX: ~(require|include)(_once)?\(([^)]+)~
LINE: 69

FILE: system/engine/loader.php
REGEX: ~(require|include)(_once)?\(([^)]+)~
LINE: 77
LINE: 151
LINE: 168

FILE: system/library/config.php
REGEX: ~(require|include)(_once)?\(([^)]+)~
LINE: 59

FILE: system/library/language.php
REGEX: ~(require|include)(_once)?\(([^)]+)~
LINE: 67
LINE: 73

FILE: system/library/template/template.php
REGEX: ~(require|include)(_once)?\(([^)]+)~
LINE: 18

FILE: system/library/template/twig.php
CODE: $loader = new \Twig_Loader_Filesystem(DIR_TEMPLATE);
LINE: 19
----------------------------------------------------------------
MOD: 香港繁體中文語言包 OpenCart 3.0.X
----------------------------------------------------------------
2018-12-02 6:45:45 - MOD: Modification Default

FILE: system/engine/action.php
REGEX: ~(require|include)(_once)?\(([^)]+)~
LINE: 69

FILE: system/engine/loader.php
REGEX: ~(require|include)(_once)?\(([^)]+)~
LINE: 77
LINE: 151
LINE: 168

FILE: system/library/config.php
REGEX: ~(require|include)(_once)?\(([^)]+)~
LINE: 59

FILE: system/library/language.php
REGEX: ~(require|include)(_once)?\(([^)]+)~
LINE: 67
LINE: 73

FILE: system/library/template/template.php
REGEX: ~(require|include)(_once)?\(([^)]+)~
LINE: 18

FILE: system/library/template/twig.php
CODE: $loader = new \Twig_Loader_Filesystem(DIR_TEMPLATE);
LINE: 19
----------------------------------------------------------------
MOD: Tema WNWEB

FILE: catalog/view/theme/default/template/product/product.twig
CODE: {% set class = 'col-sm-8' %}
LINE: 20
CODE: {% set class = 'col-sm-4' %}
LINE: 117
CODE: <br />
LINE: 281
CODE: <br>
NOT FOUND - OPERATIONS ABORTED!

FILE: catalog/controller/common/footer.php
CODE: public function index() {
LINE: 9

FILE: catalog/view/theme/default/template/common/footer.twig
CODE: </footer>
LINE: 43

FILE: catalog/view/theme/wnweb/template/common/footer.twig
CODE: </footer>
LINE: 43

FILE: catalog/view/theme/default/template/product/special.twig
CODE: <button type="button" onclick="cart.add('{{ product.product_id }}');"><i class="fa fa-shopping-cart"></i> <span class="hidden-xs hidden-sm hidden-md">{{ button_cart }}</span></button>
NOT FOUND - OPERATIONS ABORTED!

FILE: catalog/view/theme/default/template/extension/module/featured.twig
CODE: <button type="button" onclick="cart.add('{{ product.product_id }}');"><i class="fa fa-shopping-cart"></i> <span class="hidden-xs hidden-sm hidden-md">{{ button_cart }}</span></button>
LINE: 34

FILE: catalog/view/theme/wnweb/template/extension/module/featured.twig
CODE: <button type="button" onclick="cart.add('{{ product.product_id }}');"><i class="fa fa-shopping-cart"></i> <span class="hidden-xs hidden-sm hidden-md">{{ button_cart }}</span></button>
LINE: 34

FILE: catalog/view/theme/default/template/extension/module/bestseller.twig
CODE: <button type="button" onclick="cart.add('{{ product.product_id }}');"><i class="fa fa-shopping-cart"></i> <span class="hidden-xs hidden-sm hidden-md">{{ button_cart }}</span></button>
LINE: 34

FILE: catalog/view/theme/wnweb/template/extension/module/bestseller.twig
CODE: <button type="button" onclick="cart.add('{{ product.product_id }}');"><i class="fa fa-shopping-cart"></i> <span class="hidden-xs hidden-sm hidden-md">{{ button_cart }}</span></button>
LINE: 34

FILE: catalog/view/theme/default/template/extension/module/latest.twig
CODE: <button type="button" onclick="cart.add('{{ product.product_id }}');"><i class="fa fa-shopping-cart"></i> <span class="hidden-xs hidden-sm hidden-md">{{ button_cart }}</span></button>
LINE: 20

FILE: catalog/view/theme/wnweb/template/extension/module/latest.twig
CODE: <button type="button" onclick="cart.add('{{ product.product_id }}');"><i class="fa fa-shopping-cart"></i> <span class="hidden-xs hidden-sm hidden-md">{{ button_cart }}</span></button>
LINE: 20

FILE: catalog/view/theme/default/template/extension/module/special.twig
CODE: <button type="button" onclick="cart.add('{{ product.product_id }}');"><i class="fa fa-shopping-cart"></i> <span class="hidden-xs hidden-sm hidden-md">{{ button_cart }}</span></button>
LINE: 20

FILE: catalog/view/theme/wnweb/template/extension/module/special.twig
CODE: <button type="button" onclick="cart.add('{{ product.product_id }}');"><i class="fa fa-shopping-cart"></i> <span class="hidden-xs hidden-sm hidden-md">{{ button_cart }}</span></button>
LINE: 20
CODE: <button type="button" onclick="cart.add('{{ product.product_id }}');"><i class="fa fa-shopping-cart"></i> <span class="hidden-xs hidden-sm hidden-md">{{ button_cart }}</span></button>
NOT FOUND - OPERATIONS ABORTED!

FILE: catalog/view/theme/default/template/product/search.twig
CODE: <button type="button" onclick="cart.add('{{ product.product_id }}');"><i class="fa fa-shopping-cart"></i> <span class="hidden-xs hidden-sm hidden-md">{{ button_cart }}</span></button>
NOT FOUND - OPERATIONS ABORTED!

FILE: catalog/view/theme/default/template/product/category.twig
CODE: <button type="button" onclick="cart.add('{{ product.product_id }}');"><i class="fa fa-shopping-cart"></i> <span class="hidden-xs hidden-sm hidden-md">{{ button_cart }}</span></button>
NOT FOUND - OPERATIONS ABORTED!

FILE: catalog/view/theme/default/template/account/account.twig
CODE: <li><a href="{{ download }}">{{ text_download }}</a></li>
LINE: 37
CODE: <li><a href="{{ reward }}">{{ text_reward }}</a></li>
LINE: 39
CODE: <li><a href="{{ recurring }}">{{ text_recurring }}</a></li>
LINE: 43
CODE: <h2>{{ text_my_affiliate }}</h2>
LINE: 45
CODE: <li><a href="{{ wishlist }}">{{ text_wishlist }}</a></li>
LINE: 24

FILE: catalog/view/theme/wnweb/template/account/account.twig
CODE: <li><a href="{{ download }}">{{ text_download }}</a></li>
NOT FOUND - OPERATIONS ABORTED!

FILE: catalog/view/theme/default/template/extension/module/account.twig
CODE: <a href="{{ address }}" class="list-group-item">{{ text_address }}</a> <a href="{{ wishlist }}" class="list-group-item">{{ text_wishlist }}</a> <a href="{{ order }}" class="list-group-item">{{ text_order }}</a> <a href="{{ download }}" class="list-group-item">{{ text_download }}</a><a href="{{ recurring }}" class="list-group-item">{{ text_recurring }}</a> <a href="{{ reward }}" class="list-group-item">{{ text_reward }}</a> <a href="{{ return }}" class="list-group-item">{{ text_return }}</a> <a href="{{ transaction }}" class="list-group-item">{{ text_transaction }}</a> <a href="{{ newsletter }}" class="list-group-item">{{ text_newsletter }}</a>
LINE: 8

FILE: catalog/view/theme/wnweb/template/extension/module/account.twig
CODE: <a href="{{ address }}" class="list-group-item">{{ text_address }}</a> <a href="{{ wishlist }}" class="list-group-item">{{ text_wishlist }}</a> <a href="{{ order }}" class="list-group-item">{{ text_order }}</a> <a href="{{ download }}" class="list-group-item">{{ text_download }}</a><a href="{{ recurring }}" class="list-group-item">{{ text_recurring }}</a> <a href="{{ reward }}" class="list-group-item">{{ text_reward }}</a> <a href="{{ return }}" class="list-group-item">{{ text_return }}</a> <a href="{{ transaction }}" class="list-group-item">{{ text_transaction }}</a> <a href="{{ newsletter }}" class="list-group-item">{{ text_newsletter }}</a>
LINE: 8
----------------------------------------------------------------
MOD: 香港繁體中文語言包 OpenCart 3.0.X
----------------------------------------------------------------
2018-12-02 6:46:47 - MOD: Modification Default

FILE: system/engine/action.php
REGEX: ~(require|include)(_once)?\(([^)]+)~
LINE: 69

FILE: system/engine/loader.php
REGEX: ~(require|include)(_once)?\(([^)]+)~
LINE: 77
LINE: 151
LINE: 168

FILE: system/library/config.php
REGEX: ~(require|include)(_once)?\(([^)]+)~
LINE: 59

FILE: system/library/language.php
REGEX: ~(require|include)(_once)?\(([^)]+)~
LINE: 67
LINE: 73

FILE: system/library/template/template.php
REGEX: ~(require|include)(_once)?\(([^)]+)~
LINE: 18

FILE: system/library/template/twig.php
CODE: $loader = new \Twig_Loader_Filesystem(DIR_TEMPLATE);
LINE: 19
----------------------------------------------------------------
MOD: Tema WNWEB

FILE: catalog/view/theme/default/template/product/product.twig
CODE: {% set class = 'col-sm-8' %}
LINE: 20
CODE: {% set class = 'col-sm-4' %}
LINE: 117
CODE: <br />
LINE: 281
CODE: <br>
NOT FOUND - OPERATIONS ABORTED!

FILE: catalog/controller/common/footer.php
CODE: public function index() {
LINE: 9

FILE: catalog/view/theme/default/template/common/footer.twig
CODE: </footer>
LINE: 43

FILE: catalog/view/theme/wnweb/template/common/footer.twig
CODE: </footer>
LINE: 43

FILE: catalog/view/theme/default/template/product/special.twig
CODE: <button type="button" onclick="cart.add('{{ product.product_id }}');"><i class="fa fa-shopping-cart"></i> <span class="hidden-xs hidden-sm hidden-md">{{ button_cart }}</span></button>
NOT FOUND - OPERATIONS ABORTED!

FILE: catalog/view/theme/default/template/extension/module/featured.twig
CODE: <button type="button" onclick="cart.add('{{ product.product_id }}');"><i class="fa fa-shopping-cart"></i> <span class="hidden-xs hidden-sm hidden-md">{{ button_cart }}</span></button>
LINE: 34

FILE: catalog/view/theme/wnweb/template/extension/module/featured.twig
CODE: <button type="button" onclick="cart.add('{{ product.product_id }}');"><i class="fa fa-shopping-cart"></i> <span class="hidden-xs hidden-sm hidden-md">{{ button_cart }}</span></button>
LINE: 34

FILE: catalog/view/theme/default/template/extension/module/bestseller.twig
CODE: <button type="button" onclick="cart.add('{{ product.product_id }}');"><i class="fa fa-shopping-cart"></i> <span class="hidden-xs hidden-sm hidden-md">{{ button_cart }}</span></button>
LINE: 34

FILE: catalog/view/theme/wnweb/template/extension/module/bestseller.twig
CODE: <button type="button" onclick="cart.add('{{ product.product_id }}');"><i class="fa fa-shopping-cart"></i> <span class="hidden-xs hidden-sm hidden-md">{{ button_cart }}</span></button>
LINE: 34

FILE: catalog/view/theme/default/template/extension/module/latest.twig
CODE: <button type="button" onclick="cart.add('{{ product.product_id }}');"><i class="fa fa-shopping-cart"></i> <span class="hidden-xs hidden-sm hidden-md">{{ button_cart }}</span></button>
LINE: 20

FILE: catalog/view/theme/wnweb/template/extension/module/latest.twig
CODE: <button type="button" onclick="cart.add('{{ product.product_id }}');"><i class="fa fa-shopping-cart"></i> <span class="hidden-xs hidden-sm hidden-md">{{ button_cart }}</span></button>
LINE: 20

FILE: catalog/view/theme/default/template/extension/module/special.twig
CODE: <button type="button" onclick="cart.add('{{ product.product_id }}');"><i class="fa fa-shopping-cart"></i> <span class="hidden-xs hidden-sm hidden-md">{{ button_cart }}</span></button>
LINE: 20

FILE: catalog/view/theme/wnweb/template/extension/module/special.twig
CODE: <button type="button" onclick="cart.add('{{ product.product_id }}');"><i class="fa fa-shopping-cart"></i> <span class="hidden-xs hidden-sm hidden-md">{{ button_cart }}</span></button>
LINE: 20
CODE: <button type="button" onclick="cart.add('{{ product.product_id }}');"><i class="fa fa-shopping-cart"></i> <span class="hidden-xs hidden-sm hidden-md">{{ button_cart }}</span></button>
NOT FOUND - OPERATIONS ABORTED!

FILE: catalog/view/theme/default/template/product/search.twig
CODE: <button type="button" onclick="cart.add('{{ product.product_id }}');"><i class="fa fa-shopping-cart"></i> <span class="hidden-xs hidden-sm hidden-md">{{ button_cart }}</span></button>
NOT FOUND - OPERATIONS ABORTED!

FILE: catalog/view/theme/default/template/product/category.twig
CODE: <button type="button" onclick="cart.add('{{ product.product_id }}');"><i class="fa fa-shopping-cart"></i> <span class="hidden-xs hidden-sm hidden-md">{{ button_cart }}</span></button>
NOT FOUND - OPERATIONS ABORTED!

FILE: catalog/view/theme/default/template/account/account.twig
CODE: <li><a href="{{ download }}">{{ text_download }}</a></li>
LINE: 37
CODE: <li><a href="{{ reward }}">{{ text_reward }}</a></li>
LINE: 39
CODE: <li><a href="{{ recurring }}">{{ text_recurring }}</a></li>
LINE: 43
CODE: <h2>{{ text_my_affiliate }}</h2>
LINE: 45
CODE: <li><a href="{{ wishlist }}">{{ text_wishlist }}</a></li>
LINE: 24

FILE: catalog/view/theme/wnweb/template/account/account.twig
CODE: <li><a href="{{ download }}">{{ text_download }}</a></li>
NOT FOUND - OPERATIONS ABORTED!

FILE: catalog/view/theme/default/template/extension/module/account.twig
CODE: <a href="{{ address }}" class="list-group-item">{{ text_address }}</a> <a href="{{ wishlist }}" class="list-group-item">{{ text_wishlist }}</a> <a href="{{ order }}" class="list-group-item">{{ text_order }}</a> <a href="{{ download }}" class="list-group-item">{{ text_download }}</a><a href="{{ recurring }}" class="list-group-item">{{ text_recurring }}</a> <a href="{{ reward }}" class="list-group-item">{{ text_reward }}</a> <a href="{{ return }}" class="list-group-item">{{ text_return }}</a> <a href="{{ transaction }}" class="list-group-item">{{ text_transaction }}</a> <a href="{{ newsletter }}" class="list-group-item">{{ text_newsletter }}</a>
LINE: 8

FILE: catalog/view/theme/wnweb/template/extension/module/account.twig
CODE: <a href="{{ address }}" class="list-group-item">{{ text_address }}</a> <a href="{{ wishlist }}" class="list-group-item">{{ text_wishlist }}</a> <a href="{{ order }}" class="list-group-item">{{ text_order }}</a> <a href="{{ download }}" class="list-group-item">{{ text_download }}</a><a href="{{ recurring }}" class="list-group-item">{{ text_recurring }}</a> <a href="{{ reward }}" class="list-group-item">{{ text_reward }}</a> <a href="{{ return }}" class="list-group-item">{{ text_return }}</a> <a href="{{ transaction }}" class="list-group-item">{{ text_transaction }}</a> <a href="{{ newsletter }}" class="list-group-item">{{ text_newsletter }}</a>
LINE: 8
----------------------------------------------------------------
MOD: Tema WNWEB
CODE: {% set class = 'col-sm-8' %}
LINE: 20
CODE: {% set class = 'col-sm-4' %}
LINE: 118
CODE: <br />
NOT FOUND - OPERATIONS ABORTED!
CODE: public function index() {
LINE: 9
CODE: </footer>
LINE: 46
LINE: 49
CODE: </footer>
LINE: 46
LINE: 49
CODE: <button type="button" onclick="cart.add('{{ product.product_id }}');"><i class="fa fa-shopping-cart"></i> <span class="hidden-xs hidden-sm hidden-md">{{ button_cart }}</span></button>
NOT FOUND - OPERATIONS ABORTED!
CODE: <button type="button" onclick="cart.add('{{ product.product_id }}');"><i class="fa fa-shopping-cart"></i> <span class="hidden-xs hidden-sm hidden-md">{{ button_cart }}</span></button>
NOT FOUND - OPERATIONS ABORTED!
CODE: <button type="button" onclick="cart.add('{{ product.product_id }}');"><i class="fa fa-shopping-cart"></i> <span class="hidden-xs hidden-sm hidden-md">{{ button_cart }}</span></button>
NOT FOUND - OPERATIONS ABORTED!
CODE: <button type="button" onclick="cart.add('{{ product.product_id }}');"><i class="fa fa-shopping-cart"></i> <span class="hidden-xs hidden-sm hidden-md">{{ button_cart }}</span></button>
NOT FOUND - OPERATIONS ABORTED!
CODE: <button type="button" onclick="cart.add('{{ product.product_id }}');"><i class="fa fa-shopping-cart"></i> <span class="hidden-xs hidden-sm hidden-md">{{ button_cart }}</span></button>
NOT FOUND - OPERATIONS ABORTED!
CODE: <button type="button" onclick="cart.add('{{ product.product_id }}');"><i class="fa fa-shopping-cart"></i> <span class="hidden-xs hidden-sm hidden-md">{{ button_cart }}</span></button>
NOT FOUND - OPERATIONS ABORTED!
CODE: <button type="button" onclick="cart.add('{{ product.product_id }}');"><i class="fa fa-shopping-cart"></i> <span class="hidden-xs hidden-sm hidden-md">{{ button_cart }}</span></button>
NOT FOUND - OPERATIONS ABORTED!
CODE: <button type="button" onclick="cart.add('{{ product.product_id }}');"><i class="fa fa-shopping-cart"></i> <span class="hidden-xs hidden-sm hidden-md">{{ button_cart }}</span></button>
NOT FOUND - OPERATIONS ABORTED!
CODE: <button type="button" onclick="cart.add('{{ product.product_id }}');"><i class="fa fa-shopping-cart"></i> <span class="hidden-xs hidden-sm hidden-md">{{ button_cart }}</span></button>
NOT FOUND - OPERATIONS ABORTED!
CODE: <button type="button" onclick="cart.add('{{ product.product_id }}');"><i class="fa fa-shopping-cart"></i> <span class="hidden-xs hidden-sm hidden-md">{{ button_cart }}</span></button>
NOT FOUND - OPERATIONS ABORTED!
CODE: <button type="button" onclick="cart.add('{{ product.product_id }}');"><i class="fa fa-shopping-cart"></i> <span class="hidden-xs hidden-sm hidden-md">{{ button_cart }}</span></button>
NOT FOUND - OPERATIONS ABORTED!
CODE: <button type="button" onclick="cart.add('{{ product.product_id }}');"><i class="fa fa-shopping-cart"></i> <span class="hidden-xs hidden-sm hidden-md">{{ button_cart }}</span></button>
NOT FOUND - OPERATIONS ABORTED!
CODE: <li><a href="{{ download }}">{{ text_download }}</a></li>
NOT FOUND - OPERATIONS ABORTED!
CODE: <li><a href="{{ download }}">{{ text_download }}</a></li>
NOT FOUND - OPERATIONS ABORTED!
CODE: <a href="{{ address }}" class="list-group-item">{{ text_address }}</a> <a href="{{ wishlist }}" class="list-group-item">{{ text_wishlist }}</a> <a href="{{ order }}" class="list-group-item">{{ text_order }}</a> <a href="{{ download }}" class="list-group-item">{{ text_download }}</a><a href="{{ recurring }}" class="list-group-item">{{ text_recurring }}</a> <a href="{{ reward }}" class="list-group-item">{{ text_reward }}</a> <a href="{{ return }}" class="list-group-item">{{ text_return }}</a> <a href="{{ transaction }}" class="list-group-item">{{ text_transaction }}</a> <a href="{{ newsletter }}" class="list-group-item">{{ text_newsletter }}</a>
NOT FOUND - OPERATIONS ABORTED!
CODE: <a href="{{ address }}" class="list-group-item">{{ text_address }}</a> <a href="{{ wishlist }}" class="list-group-item">{{ text_wishlist }}</a> <a href="{{ order }}" class="list-group-item">{{ text_order }}</a> <a href="{{ download }}" class="list-group-item">{{ text_download }}</a><a href="{{ recurring }}" class="list-group-item">{{ text_recurring }}</a> <a href="{{ reward }}" class="list-group-item">{{ text_reward }}</a> <a href="{{ return }}" class="list-group-item">{{ text_return }}</a> <a href="{{ transaction }}" class="list-group-item">{{ text_transaction }}</a> <a href="{{ newsletter }}" class="list-group-item">{{ text_newsletter }}</a>
NOT FOUND - OPERATIONS ABORTED!
----------------------------------------------------------------
MOD: 香港繁體中文語言包 OpenCart 3.0.X
----------------------------------------------------------------
